android-native/app/build/intermediates/manifest_merge_blame_file/release/processReleaseMainManifest/manifest-merger-blame-release-report.txt
1<?xml version="1.0" encoding="utf-8"?>
2<manifest xmlns:android="http://schemas.android.com/apk/res/android"
3    package="com.cuidavoz.mobile"
4    android:versionCode="1"
5    android:versionName="1.0.0" >
6
7    <uses-sdk
8        android:minSdkVersion="26"
9        android:targetSdkVersion="35" />
10
11    <uses-permission android:name="android.permission.POST_NOTIFICATIONS" />
11-->src/main/AndroidManifest.xml:4:5-77
11-->src/main/AndroidManifest.xml:4:22-74
12    <uses-permission android:name="android.permission.CAMERA" />
12-->src/main/AndroidManifest.xml:5:5-65
12-->src/main/AndroidManifest.xml:5:22-62
13    <uses-permission android:name="android.permission.RECORD_AUDIO" />
13-->src/main/AndroidManifest.xml:6:5-71
13-->src/main/AndroidManifest.xml:6:22-68
14    <uses-permission android:name="android.permission.VIBRATE" />
14-->src/main/AndroidManifest.xml:7:5-66
14-->src/main/AndroidManifest.xml:7:22-63
15    <uses-permission android:name="android.permission.WAKE_LOCK" />
15-->src/main/AndroidManifest.xml:8:5-68
15-->src/main/AndroidManifest.xml:8:22-65
16    <uses-permission android:name="android.permission.SCHEDULE_EXACT_ALARM" />
16-->src/main/AndroidManifest.xml:9:5-79
16-->src/main/AndroidManifest.xml:9:22-76
17    <uses-permission android:name="android.permission.FOREGROUND_SERVICE" />
17-->src/main/AndroidManifest.xml:10:5-77
17-->src/main/AndroidManifest.xml:10:22-74
18    <uses-permission android:name="android.permission.FOREGROUND_SERVICE_MEDIA_PLAYBACK" />
18-->src/main/AndroidManifest.xml:11:5-92
18-->src/main/AndroidManifest.xml:11:22-89
19    <uses-permission android:name="android.permission.RECEIVE_BOOT_COMPLETED" />
19-->src/main/AndroidManifest.xml:12:5-81
19-->src/main/AndroidManifest.xml:12:22-78
20    <uses-permission android:name="android.permission.INTERNET" />
20-->src/main/AndroidManifest.xml:13:5-67
20-->src/main/AndroidManifest.xml:13:22-64
21    <uses-permission android:name="android.permission.ACCESS_NETWORK_STATE" />
21-->src/main/AndroidManifest.xml:14:5-79
21-->src/main/AndroidManifest.xml:14:22-76
22
23    <uses-feature
23-->src/main/AndroidManifest.xml:15:5-17:36
24        android:name="android.hardware.camera"
24-->src/main/AndroidManifest.xml:16:9-47
25        android:required="false" />
25-->src/main/AndroidManifest.xml:17:9-33
26
27    <queries>
27-->src/main/AndroidManifest.xml:19:5-23:15
28        <intent>
28-->src/main/AndroidManifest.xml:20:9-22:18
29            <action android:name="android.speech.RecognitionService" />
29-->src/main/AndroidManifest.xml:21:13-72
29-->src/main/AndroidManifest.xml:21:21-69
30        </intent>
31    </queries>
32
33    <!-- Required by older versions of Google Play services to create IID tokens -->
34    <uses-permission android:name="com.google.android.c2dm.permission.RECEIVE" />
34-->[com.google.firebase:firebase-messaging:24.1.0] AndroidManifest.xml:26:5-82
34-->[com.google.firebase:firebase-messaging:24.1.0] AndroidManifest.xml:26:22-79
35    <uses-permission android:name="com.google.android.providers.gsf.permission.READ_GSERVICES" />
35-->[com.google.android.recaptcha:recaptcha:18.6.1] AndroidManifest.xml:9:5-98
35-->[com.google.android.recaptcha:recaptcha:18.6.1] AndroidManifest.xml:9:22-95
36
37    <permission
37-->[androidx.core:core:1.15.0] AndroidManifest.xml:22:5-24:47
38        android:name="com.cuidavoz.mobile.DYNAMIC_RECEIVER_NOT_EXPORTED_PERMISSION"
38-->[androidx.core:core:1.15.0] AndroidManifest.xml:23:9-81
39        android:protectionLevel="signature" />
39-->[androidx.core:core:1.15.0] AndroidManifest.xml:24:9-44
40
41    <uses-permission android:name="com.cuidavoz.mobile.DYNAMIC_RECEIVER_NOT_EXPORTED_PERMISSION" />
41-->[androidx.core:core:1.15.0] AndroidManifest.xml:26:5-97
41-->[androidx.core:core:1.15.0] AndroidManifest.xml:26:22-94
42
43    <application
43-->src/main/AndroidManifest.xml:25:5-86:19
44        android:name="com.cuidavoz.mobile.CuidaVozApp"
44-->src/main/AndroidManifest.xml:26:9-36
45        android:allowBackup="false"
45-->src/main/AndroidManifest.xml:27:9-36
46        android:appComponentFactory="androidx.core.app.CoreComponentFactory"
46-->[androidx.core:core:1.15.0] AndroidManifest.xml:28:18-86
47        android:dataExtractionRules="@xml/data_extraction_rules"
47-->src/main/AndroidManifest.xml:28:9-65
48        android:extractNativeLibs="false"
49        android:fullBackupContent="@xml/backup_rules"
49-->src/main/AndroidManifest.xml:29:9-54
50        android:icon="@mipmap/ic_launcher"
50-->src/main/AndroidManifest.xml:30:9-43
51        android:label="CuidaVoz"
51-->src/main/AndroidManifest.xml:31:9-33
52        android:roundIcon="@mipmap/ic_launcher_round"
52-->src/main/AndroidManifest.xml:32:9-54
53        android:supportsRtl="true"
53-->src/main/AndroidManifest.xml:33:9-35
54        android:theme="@style/Theme.CuidaVoz" >
54-->src/main/AndroidManifest.xml:34:9-46
55        <activity
55-->src/main/AndroidManifest.xml:35:9-45:20
56            android:name="com.cuidavoz.mobile.MainActivity"
56-->src/main/AndroidManifest.xml:36:13-41
57            android:exported="true"
57-->src/main/AndroidManifest.xml:37:13-36
58            android:launchMode="singleTop"
58-->src/main/AndroidManifest.xml:38:13-43
59            android:theme="@style/Theme.CuidaVoz" >
59-->src/main/AndroidManifest.xml:39:13-50
60            <intent-filter>
60-->src/main/AndroidManifest.xml:40:13-44:29
61                <action android:name="android.intent.action.MAIN" />
61-->src/main/AndroidManifest.xml:41:17-69
61-->src/main/AndroidManifest.xml:41:25-66
62
63                <category android:name="android.intent.category.LAUNCHER" />
63-->src/main/AndroidManifest.xml:43:17-77
63-->src/main/AndroidManifest.xml:43:27-74
64            </intent-filter>
65        </activity>
66        <activity
66-->src/main/AndroidManifest.xml:47:9-53:53
67            android:name="com.cuidavoz.mobile.reminders.ReminderActivity"
67-->src/main/AndroidManifest.xml:48:13-55
68            android:exported="false"
68-->src/main/AndroidManifest.xml:49:13-37
69            android:launchMode="singleTop"
69-->src/main/AndroidManifest.xml:50:13-43
70            android:showOnLockScreen="true"
70-->src/main/AndroidManifest.xml:51:13-44
71            android:theme="@style/Theme.CuidaVoz"
71-->src/main/AndroidManifest.xml:53:13-50
72            android:turnScreenOn="true" />
72-->src/main/AndroidManifest.xml:52:13-40
73
74        <service
74-->src/main/AndroidManifest.xml:55:9-58:61
75            android:name="com.cuidavoz.mobile.reminders.MedicationReminderVoiceService"
75-->src/main/AndroidManifest.xml:56:13-69
76            android:exported="false"
76-->src/main/AndroidManifest.xml:57:13-37
77            android:foregroundServiceType="mediaPlayback" />
77-->src/main/AndroidManifest.xml:58:13-58
78
79        <receiver
79-->src/main/AndroidManifest.xml:60:9-62:40
80            android:name="com.cuidavoz.mobile.reminders.MedicationAlarmReceiver"
80-->src/main/AndroidManifest.xml:61:13-62
81            android:exported="false" />
81-->src/main/AndroidManifest.xml:62:13-37
82        <receiver
82-->src/main/AndroidManifest.xml:64:9-66:40
83            android:name="com.cuidavoz.mobile.reminders.MedicationNotificationActionReceiver"
83-->src/main/AndroidManifest.xml:65:13-75
84            android:exported="false" />
84-->src/main/AndroidManifest.xml:66:13-37
85        <receiver
85-->src/main/AndroidManifest.xml:68:9-75:20
86            android:name="com.cuidavoz.mobile.reminders.MedicationBootReceiver"
86-->src/main/AndroidManifest.xml:69:13-61
87            android:enabled="true"
87-->src/main/AndroidManifest.xml:70:13-35
88            android:exported="true" >
88-->src/main/AndroidManifest.xml:71:13-36
89            <intent-filter>
89-->src/main/AndroidManifest.xml:72:13-74:29
90                <action android:name="android.intent.action.BOOT_COMPLETED" />
90-->src/main/AndroidManifest.xml:73:17-79
90-->src/main/AndroidManifest.xml:73:25-76
91            </intent-filter>
92        </receiver>
93
94        <provider
95            android:name="androidx.core.content.FileProvider"
95-->src/main/AndroidManifest.xml:78:13-62
96            android:authorities="com.cuidavoz.mobile.fileprovider"
96-->src/main/AndroidManifest.xml:79:13-64
97            android:exported="false"
97-->src/main/AndroidManifest.xml:80:13-37
98            android:grantUriPermissions="true" >
98-->src/main/AndroidManifest.xml:81:13-47
99            <meta-data
99-->src/main/AndroidManifest.xml:82:13-84:54
100                android:name="android.support.FILE_PROVIDER_PATHS"
100-->src/main/AndroidManifest.xml:83:17-67
101                android:resource="@xml/file_paths" />
101-->src/main/AndroidManifest.xml:84:17-51
102        </provider>
103
104        <service
104-->[com.google.firebase:firebase-auth-ktx:23.2.0] AndroidManifest.xml:8:9-14:19
105            android:name="com.google.firebase.components.ComponentDiscoveryService"
105-->[com.google.firebase:firebase-auth-ktx:23.2.0] AndroidManifest.xml:9:13-84
106            android:directBootAware="true"
106-->[com.google.firebase:firebase-common:21.0.0] AndroidManifest.xml:32:13-43
107            android:exported="false" >
107-->[com.google.firebase:firebase-auth-ktx:23.2.0] AndroidManifest.xml:10:13-37
108            <meta-data
108-->[com.google.firebase:firebase-auth-ktx:23.2.0] AndroidManifest.xml:11:13-13:85
109                android:name="com.google.firebase.components:com.google.firebase.auth.ktx.FirebaseAuthLegacyRegistrar"
109-->[com.google.firebase:firebase-auth-ktx:23.2.0] AndroidManifest.xml:12:17-119
110                android:value="com.google.firebase.components.ComponentRegistrar" />
110-->[com.google.firebase:firebase-auth-ktx:23.2.0] AndroidManifest.xml:13:17-82
111            <meta-data
111-->[com.google.firebase:firebase-auth:23.2.0] AndroidManifest.xml:69:13-71:85
112                android:name="com.google.firebase.components:com.google.firebase.auth.FirebaseAuthRegistrar"
112-->[com.google.firebase:firebase-auth:23.2.0] AndroidManifest.xml:70:17-109
113                android:value="com.google.firebase.components.ComponentRegistrar" />
113-->[com.google.firebase:firebase-auth:23.2.0] AndroidManifest.xml:71:17-82
114            <meta-data
114-->[com.google.firebase:firebase-firestore-ktx:25.1.2] AndroidManifest.xml:12:13-14:85
115                android:name="com.google.firebase.components:com.google.firebase.firestore.ktx.FirebaseFirestoreLegacyRegistrar"
115-->[com.google.firebase:firebase-firestore-ktx:25.1.2] AndroidManifest.xml:13:17-129
116                android:value="com.google.firebase.components.ComponentRegistrar" />
116-->[com.google.firebase:firebase-firestore-ktx:25.1.2] AndroidManifest.xml:14:17-82
117            <meta-data
117-->[com.google.firebase:firebase-messaging-ktx:24.1.0] AndroidManifest.xml:26:13-28:85
118                android:name="com.google.firebase.components:com.google.firebase.messaging.ktx.FirebaseMessagingLegacyRegistrar"
118-->[com.google.firebase:firebase-messaging-ktx:24.1.0] AndroidManifest.xml:27:17-129
119                android:value="com.google.firebase.components.ComponentRegistrar" />
119-->[com.google.firebase:firebase-messaging-ktx:24.1.0] AndroidManifest.xml:28:17-82
120            <meta-data
120-->[com.google.firebase:firebase-storage-ktx:21.0.1] AndroidManifest.xml:12:13-14:85
121                android:name="com.google.firebase.components:com.google.firebase.storage.ktx.FirebaseStorageLegacyRegistrar"
121-->[com.google.firebase:firebase-storage-ktx:21.0.1] AndroidManifest.xml:13:17-125
122                android:value="com.google.firebase.components.ComponentRegistrar" />
122-->[com.google.firebase:firebase-storage-ktx:21.0.1] AndroidManifest.xml:14:17-82
123            <meta-data
123-->[com.google.firebase:firebase-firestore:25.1.2] AndroidManifest.xml:17:13-19:85
124                android:name="com.google.firebase.components:com.google.firebase.firestore.FirebaseFirestoreKtxRegistrar"
124-->[com.google.firebase:firebase-firestore:25.1.2] AndroidManifest.xml:18:17-122
125                android:value="com.google.firebase.components.ComponentRegistrar" />
125-->[com.google.firebase:firebase-firestore:25.1.2] AndroidManifest.xml:19:17-82
126            <meta-data
126-->[com.google.firebase:firebase-firestore:25.1.2] AndroidManifest.xml:20:13-22:85
127                android:name="com.google.firebase.components:com.google.firebase.firestore.FirestoreRegistrar"
127-->[com.google.firebase:firebase-firestore:25.1.2] AndroidManifest.xml:21:17-111
128                android:value="com.google.firebase.components.ComponentRegistrar" />
128-->[com.google.firebase:firebase-firestore:25.1.2] AndroidManifest.xml:22:17-82
129            <meta-data
129-->[com.google.firebase:firebase-messaging:24.1.0] AndroidManifest.xml:57:13-59:85
130                android:name="com.google.firebase.components:com.google.firebase.messaging.FirebaseMessagingKtxRegistrar"
130-->[com.google.firebase:firebase-messaging:24.1.0] AndroidManifest.xml:58:17-122
131                android:value="com.google.firebase.components.ComponentRegistrar" />
131-->[com.google.firebase:firebase-messaging:24.1.0] AndroidManifest.xml:59:17-82
132            <meta-data
132-->[com.google.firebase:firebase-messaging:24.1.0] AndroidManifest.xml:60:13-62:85
133                android:name="com.google.firebase.components:com.google.firebase.messaging.FirebaseMessagingRegistrar"
133-->[com.google.firebase:firebase-messaging:24.1.0] AndroidManifest.xml:61:17-119
134                android:value="com.google.firebase.components.ComponentRegistrar" />
134-->[com.google.firebase:firebase-messaging:24.1.0] AndroidManifest.xml:62:17-82
135            <meta-data
135-->[com.google.firebase:firebase-storage:21.0.1] AndroidManifest.xml:30:13-32:85
136                android:name="com.google.firebase.components:com.google.firebase.storage.FirebaseStorageKtxRegistrar"
136-->[com.google.firebase:firebase-storage:21.0.1] AndroidManifest.xml:31:17-118
137                android:value="com.google.firebase.components.ComponentRegistrar" />
137-->[com.google.firebase:firebase-storage:21.0.1] AndroidManifest.xml:32:17-82
138            <meta-data
138-->[com.google.firebase:firebase-storage:21.0.1] AndroidManifest.xml:33:13-35:85
139                android:name="com.google.firebase.components:com.google.firebase.storage.StorageRegistrar"
139-->[com.google.firebase:firebase-storage:21.0.1] AndroidManifest.xml:34:17-107
140                android:value="com.google.firebase.components.ComponentRegistrar" />
140-->[com.google.firebase:firebase-storage:21.0.1] AndroidManifest.xml:35:17-82
141            <meta-data
141-->[com.google.firebase:firebase-installations:18.0.0] AndroidManifest.xml:15:13-17:85
142                android:name="com.google.firebase.components:com.google.firebase.installations.FirebaseInstallationsKtxRegistrar"
142-->[com.google.firebase:firebase-installations:18.0.0] AndroidManifest.xml:16:17-130
143                android:value="com.google.firebase.components.ComponentRegistrar" />
143-->[com.google.firebase:firebase-installations:18.0.0] AndroidManifest.xml:17:17-82
144            <meta-data
144-->[com.google.firebase:firebase-installations:18.0.0] AndroidManifest.xml:18:13-20:85
145                android:name="com.google.firebase.components:com.google.firebase.installations.FirebaseInstallationsRegistrar"
145-->[com.google.firebase:firebase-installations:18.0.0] AndroidManifest.xml:19:17-127
146                android:value="com.google.firebase.components.ComponentRegistrar" />
146-->[com.google.firebase:firebase-installations:18.0.0] AndroidManifest.xml:20:17-82
147            <meta-data
147-->[com.google.firebase:firebase-appcheck:18.0.0] AndroidManifest.xml:25:13-27:85
148                android:name="com.google.firebase.components:com.google.firebase.appcheck.FirebaseAppCheckKtxRegistrar"
148-->[com.google.firebase:firebase-appcheck:18.0.0] AndroidManifest.xml:26:17-120
149                android:value="com.google.firebase.components.ComponentRegistrar" />
149-->[com.google.firebase:firebase-appcheck:18.0.0] AndroidManifest.xml:27:17-82
150            <meta-data
150-->[com.google.firebase:firebase-appcheck:18.0.0] AndroidManifest.xml:28:13-30:85
151                android:name="com.google.firebase.components:com.google.firebase.appcheck.FirebaseAppCheckRegistrar"
151-->[com.google.firebase:firebase-appcheck:18.0.0] AndroidManifest.xml:29:17-117
152                android:value="com.google.firebase.components.ComponentRegistrar" />
152-->[com.google.firebase:firebase-appcheck:18.0.0] AndroidManifest.xml:30:17-82
153            <meta-data
153-->[com.google.firebase:firebase-common-ktx:21.0.0] AndroidManifest.xml:12:13-14:85
154                android:name="com.google.firebase.components:com.google.firebase.ktx.FirebaseCommonLegacyRegistrar"
154-->[com.google.firebase:firebase-common-ktx:21.0.0] AndroidManifest.xml:13:17-116
155                android:value="com.google.firebase.components.ComponentRegistrar" />
155-->[com.google.firebase:firebase-common-ktx:21.0.0] AndroidManifest.xml:14:17-82
156            <meta-data
156-->[com.google.firebase:firebase-common:21.0.0] AndroidManifest.xml:35:13-37:85
157                android:name="com.google.firebase.components:com.google.firebase.FirebaseCommonKtxRegistrar"
157-->[com.google.firebase:firebase-common:21.0.0] AndroidManifest.xml:36:17-109
158                android:value="com.google.firebase.components.ComponentRegistrar" />
158-->[com.google.firebase:firebase-common:21.0.0] AndroidManifest.xml:37:17-82
159            <meta-data
159-->[com.google.firebase:firebase-datatransport:18.2.0] AndroidManifest.xml:25:13-27:85
160                android:name="com.google.firebase.components:com.google.firebase.datatransport.TransportRegistrar"
160-->[com.google.firebase:firebase-datatransport:18.2.0] AndroidManifest.xml:26:17-115
161                android:value="com.google.firebase.components.ComponentRegistrar" />
161-->[com.google.firebase:firebase-datatransport:18.2.0] AndroidManifest.xml:27:17-82
162        </service>
163
164        <activity
164-->[com.google.firebase:firebase-auth:23.2.0] AndroidManifest.xml:29:9-46:20
165            android:name="com.google.firebase.auth.internal.GenericIdpActivity"
165-->[com.google.firebase:firebase-auth:23.2.0] AndroidManifest.xml:30:13-80
166            android:excludeFromRecents="true"
166-->[com.google.firebase:firebase-auth:23.2.0] AndroidManifest.xml:31:13-46
167            android:exported="true"
167-->[com.google.firebase:firebase-auth:23.2.0] AndroidManifest.xml:32:13-36
168            android:launchMode="singleTask"
168-->[com.google.firebase:firebase-auth:23.2.0] AndroidManifest.xml:33:13-44
169            android:theme="@android:style/Theme.Translucent.NoTitleBar" >
169-->[com.google.firebase:firebase-auth:23.2.0] AndroidManifest.xml:34:13-72
170            <intent-filter>
170-->[com.google.firebase:firebase-auth:23.2.0] AndroidManifest.xml:35:13-45:29
171                <action android:name="android.intent.action.VIEW" />
171-->[com.google.firebase:firebase-auth:23.2.0] AndroidManifest.xml:36:17-69
171-->[com.google.firebase:firebase-auth:23.2.0] AndroidManifest.xml:36:25-66
172
173                <category android:name="android.intent.category.DEFAULT" />
173-->[com.google.firebase:firebase-auth:23.2.0] AndroidManifest.xml:38:17-76
173-->[com.google.firebase:firebase-auth:23.2.0] AndroidManifest.xml:38:27-73
174                <category android:name="android.intent.category.BROWSABLE" />
174-->[com.google.firebase:firebase-auth:23.2.0] AndroidManifest.xml:39:17-78
174-->[com.google.firebase:firebase-auth:23.2.0] AndroidManifest.xml:39:27-75
175
176                <data
176-->[com.google.firebase:firebase-auth:23.2.0] AndroidManifest.xml:41:17-44:51
177                    android:host="firebase.auth"
177-->[com.google.firebase:firebase-auth:23.2.0] AndroidManifest.xml:42:21-49
178                    android:path="/"
178-->[com.google.firebase:firebase-auth:23.2.0] AndroidManifest.xml:43:21-37
179                    android:scheme="genericidp" />
179-->[com.google.firebase:firebase-auth:23.2.0] AndroidManifest.xml:44:21-48
180            </intent-filter>
181        </activity>
182        <activity
182-->[com.google.firebase:firebase-auth:23.2.0] AndroidManifest.xml:47:9-64:20
183            android:name="com.google.firebase.auth.internal.RecaptchaActivity"
183-->[com.google.firebase:firebase-auth:23.2.0] AndroidManifest.xml:48:13-79
184            android:excludeFromRecents="true"
184-->[com.google.firebase:firebase-auth:23.2.0] AndroidManifest.xml:49:13-46
185            android:exported="true"
185-->[com.google.firebase:firebase-auth:23.2.0] AndroidManifest.xml:50:13-36
186            android:launchMode="singleTask"
186-->[com.google.firebase:firebase-auth:23.2.0] AndroidManifest.xml:51:13-44
187            android:theme="@android:style/Theme.Translucent.NoTitleBar" >
187-->[com.google.firebase:firebase-auth:23.2.0] AndroidManifest.xml:52:13-72
188            <intent-filter>
188-->[com.google.firebase:firebase-auth:23.2.0] AndroidManifest.xml:53:13-63:29
189                <action android:name="android.intent.action.VIEW" />
189-->[com.google.firebase:firebase-auth:23.2.0] AndroidManifest.xml:36:17-69
189-->[com.google.firebase:firebase-auth:23.2.0] AndroidManifest.xml:36:25-66
190
191                <category android:name="android.intent.category.DEFAULT" />
191-->[com.google.firebase:firebase-auth:23.2.0] AndroidManifest.xml:38:17-76
191-->[com.google.firebase:firebase-auth:23.2.0] AndroidManifest.xml:38:27-73
192                <category android:name="android.intent.category.BROWSABLE" />
192-->[com.google.firebase:firebase-auth:23.2.0] AndroidManifest.xml:39:17-78
192-->[com.google.firebase:firebase-auth:23.2.0] AndroidManifest.xml:39:27-75
193
194                <data
194-->[com.google.firebase:firebase-auth:23.2.0] AndroidManifest.xml:41:17-44:51
195                    android:host="firebase.auth"
195-->[com.google.firebase:firebase-auth:23.2.0] AndroidManifest.xml:42:21-49
196                    android:path="/"
196-->[com.google.firebase:firebase-auth:23.2.0] AndroidManifest.xml:43:21-37
197                    android:scheme="recaptcha" />
197-->[com.google.firebase:firebase-auth:23.2.0] AndroidManifest.xml:44:21-48
198            </intent-filter>
199        </activity>
200
201        <receiver
201-->[com.google.firebase:firebase-messaging:24.1.0] AndroidManifest.xml:29:9-40:20
202            android:name="com.google.firebase.iid.FirebaseInstanceIdReceiver"
202-->[com.google.firebase:firebase-messaging:24.1.0] AndroidManifest.xml:30:13-78
203            android:exported="true"
203-->[com.google.firebase:firebase-messaging:24.1.0] AndroidManifest.xml:31:13-36
204            android:permission="com.google.android.c2dm.permission.SEND" >
204-->[com.google.firebase:firebase-messaging:24.1.0] AndroidManifest.xml:32:13-73
205            <intent-filter>
205-->[com.google.firebase:firebase-messaging:24.1.0] AndroidManifest.xml:33:13-35:29
206                <action android:name="com.google.android.c2dm.intent.RECEIVE" />
206-->[com.google.firebase:firebase-messaging:24.1.0] AndroidManifest.xml:34:17-81
206-->[com.google.firebase:firebase-messaging:24.1.0] AndroidManifest.xml:34:25-78
207            </intent-filter>
208
209            <meta-data
209-->[com.google.firebase:firebase-messaging:24.1.0] AndroidManifest.xml:37:13-39:40
210                android:name="com.google.android.gms.cloudmessaging.FINISHED_AFTER_HANDLED"
210-->[com.google.firebase:firebase-messaging:24.1.0] AndroidManifest.xml:38:17-92
211                android:value="true" />
211-->[com.google.firebase:firebase-messaging:24.1.0] AndroidManifest.xml:39:17-37
212        </receiver>
213        <!--
214             FirebaseMessagingService performs security checks at runtime,
215             but set to not exported to explicitly avoid allowing another app to call it.
216        -->
217        <service
217-->[com.google.firebase:firebase-messaging:24.1.0] AndroidManifest.xml:46:9-53:19
218            android:name="com.google.firebase.messaging.FirebaseMessagingService"
218-->[com.google.firebase:firebase-messaging:24.1.0] AndroidManifest.xml:47:13-82
219            android:directBootAware="true"
219-->[com.google.firebase:firebase-messaging:24.1.0] AndroidManifest.xml:48:13-43
220            android:exported="false" >
220-->[com.google.firebase:firebase-messaging:24.1.0] AndroidManifest.xml:49:13-37
221            <intent-filter android:priority="-500" >
221-->[com.google.firebase:firebase-messaging:24.1.0] AndroidManifest.xml:50:13-52:29
221-->[com.google.firebase:firebase-messaging:24.1.0] AndroidManifest.xml:50:28-51
222                <action android:name="com.google.firebase.MESSAGING_EVENT" />
222-->[com.google.firebase:firebase-messaging:24.1.0] AndroidManifest.xml:51:17-78
222-->[com.google.firebase:firebase-messaging:24.1.0] AndroidManifest.xml:51:25-75
223            </intent-filter>
224        </service>
225
226        <provider
226-->[com.google.firebase:firebase-common:21.0.0] AndroidManifest.xml:23:9-28:39
227            android:name="com.google.firebase.provider.FirebaseInitProvider"
227-->[com.google.firebase:firebase-common:21.0.0] AndroidManifest.xml:24:13-77
228            android:authorities="com.cuidavoz.mobile.firebaseinitprovider"
228-->[com.google.firebase:firebase-common:21.0.0] AndroidManifest.xml:25:13-72
229            android:directBootAware="true"
229-->[com.google.firebase:firebase-common:21.0.0] AndroidManifest.xml:26:13-43
230            android:exported="false"
230-->[com.google.firebase:firebase-common:21.0.0] AndroidManifest.xml:27:13-37
231            android:initOrder="100" />
231-->[com.google.firebase:firebase-common:21.0.0] AndroidManifest.xml:28:13-36
232
233        <service
233-->[androidx.room:room-runtime:2.6.1] AndroidManifest.xml:24:9-28:63
234            android:name="androidx.room.MultiInstanceInvalidationService"
234-->[androidx.room:room-runtime:2.6.1] AndroidManifest.xml:25:13-74
235            android:directBootAware="true"
235-->[androidx.room:room-runtime:2.6.1] AndroidManifest.xml:26:13-43
236            android:exported="false" />
236-->[androidx.room:room-runtime:2.6.1] AndroidManifest.xml:27:13-37
237
238        <provider
238-->[androidx.lifecycle:lifecycle-process:2.8.7] AndroidManifest.xml:24:9-32:20
239            android:name="androidx.startup.InitializationProvider"
239-->[androidx.lifecycle:lifecycle-process:2.8.7] AndroidManifest.xml:25:13-67
240            android:authorities="com.cuidavoz.mobile.androidx-startup"
240-->[androidx.lifecycle:lifecycle-process:2.8.7] AndroidManifest.xml:26:13-68
241            android:exported="false" >
241-->[androidx.lifecycle:lifecycle-process:2.8.7] AndroidManifest.xml:27:13-37
242            <meta-data
242-->[androidx.lifecycle:lifecycle-process:2.8.7] AndroidManifest.xml:29:13-31:52
243                android:name="androidx.lifecycle.ProcessLifecycleInitializer"
243-->[androidx.lifecycle:lifecycle-process:2.8.7] AndroidManifest.xml:30:17-78
244                android:value="androidx.startup" />
244-->[androidx.lifecycle:lifecycle-process:2.8.7] AndroidManifest.xml:31:17-49
245            <meta-data
245-->[androidx.emoji2:emoji2:1.3.0] AndroidManifest.xml:29:13-31:52
246                android:name="androidx.emoji2.text.EmojiCompatInitializer"
246-->[androidx.emoji2:emoji2:1.3.0] AndroidManifest.xml:30:17-75
247                android:value="androidx.startup" />
247-->[androidx.emoji2:emoji2:1.3.0] AndroidManifest.xml:31:17-49
248            <meta-data
248-->[androidx.profileinstaller:profileinstaller:1.3.1] AndroidManifest.xml:29:13-31:52
249                android:name="androidx.profileinstaller.ProfileInstallerInitializer"
249-->[androidx.profileinstaller:profileinstaller:1.3.1] AndroidManifest.xml:30:17-85
250                android:value="androidx.startup" />
250-->[androidx.profileinstaller:profileinstaller:1.3.1] AndroidManifest.xml:31:17-49
251        </provider>
252
253        <service
253-->[androidx.credentials:credentials-play-services-auth:1.2.0-rc01] AndroidManifest.xml:24:9-32:19
254            android:name="androidx.credentials.playservices.CredentialProviderMetadataHolder"
254-->[androidx.credentials:credentials-play-services-auth:1.2.0-rc01] AndroidManifest.xml:25:13-94
255            android:enabled="true"
255-->[androidx.credentials:credentials-play-services-auth:1.2.0-rc01] AndroidManifest.xml:26:13-35
256            android:exported="false" >
256-->[androidx.credentials:credentials-play-services-auth:1.2.0-rc01] AndroidManifest.xml:27:13-37
257            <meta-data
257-->[androidx.credentials:credentials-play-services-auth:1.2.0-rc01] AndroidManifest.xml:29:13-31:104
258                android:name="androidx.credentials.CREDENTIAL_PROVIDER_KEY"
258-->[androidx.credentials:credentials-play-services-auth:1.2.0-rc01] AndroidManifest.xml:30:17-76
259                android:value="androidx.credentials.playservices.CredentialProviderPlayServicesImpl" />
259-->[androidx.credentials:credentials-play-services-auth:1.2.0-rc01] AndroidManifest.xml:31:17-101
260        </service>
261
262        <activity
262-->[androidx.credentials:credentials-play-services-auth:1.2.0-rc01] AndroidManifest.xml:34:9-41:20
263            android:name="androidx.credentials.playservices.HiddenActivity"
263-->[androidx.credentials:credentials-play-services-auth:1.2.0-rc01] AndroidManifest.xml:35:13-76
264            android:configChanges="orientation|screenSize|screenLayout|keyboardHidden"
264-->[androidx.credentials:credentials-play-services-auth:1.2.0-rc01] AndroidManifest.xml:36:13-87
265            android:enabled="true"
265-->[androidx.credentials:credentials-play-services-auth:1.2.0-rc01] AndroidManifest.xml:37:13-35
266            android:exported="false"
266-->[androidx.credentials:credentials-play-services-auth:1.2.0-rc01] AndroidManifest.xml:38:13-37